<?xml version="1.0" encoding="UTF-8"?>
<!-- Generated by org.testng.reporters.JUnitXMLReporter -->
<testsuite ignored="0" hostname="Ms-MacBook-Air.local" failures="0" tests="3" name="Test" time="80.73" errors="0" timestamp="2024-03-19T11:22:59 IST">
  <testcase classname="amazonTest.purchaseTest" name="verifyHeadphoneAndKeyboardPurchaseTest" time="45.566"/>
  <testcase classname="amazonTest.purchaseTest" name="verifyLaptopPurchaseTest" time="9.914"/>
  <testcase classname="amazonTest.purchaseTest" name="verifyMonitorPurchaseTest" time="17.933"/>
</testsuite> <!-- Test -->
