<?xml version="1.0" encoding="UTF-8"?>
<testng-results ignored="0" total="3" passed="3" failed="0" skipped="0">
  <reporter-output>
  </reporter-output>
  <suite started-at="2024-03-19T11:21:38 IST" name="Suite" finished-at="2024-03-19T11:22:59 IST" duration-ms="80730">
    <groups>
    </groups>
    <test started-at="2024-03-19T11:21:38 IST" name="Test" finished-at="2024-03-19T11:22:59 IST" duration-ms="80730">
      <class name="amazonTest.purchaseTest">
        <test-method is-config="true" signature="setUp()[pri:0, instance:amazonTest.purchaseTest@71a8adcf]" started-at="2024-03-19T11:21:38 IST" name="setUp" finished-at="2024-03-19T11:21:38 IST" duration-ms="14" status="PASS">
          <reporter-output>
          </reporter-output>
        </test-method> <!-- setUp -->
        <test-method is-config="true" signature="setUp(java.lang.String)[pri:0, instance:amazonTest.purchaseTest@71a8adcf]" started-at="2024-03-19T11:21:38 IST" name="setUp" finished-at="2024-03-19T11:21:40 IST" duration-ms="2266" status="PASS">
          <params>
            <param index="0">
              <value>
                <![CDATA[chrome]]>
              </value>
            </param>
          </params>
          <reporter-output>
          </reporter-output>
        </test-method> <!-- setUp -->
        <test-method is-config="true" signature="setUp()[pri:0, instance:amazonTest.purchaseTest@71a8adcf]" started-at="2024-03-19T11:21:40 IST" name="setUp" finished-at="2024-03-19T11:21:40 IST" duration-ms="1" status="PASS">
          <reporter-output>
          </reporter-output>
        </test-method> <!-- setUp -->
        <test-method signature="verifyHeadphoneAndKeyboardPurchaseTest()[pri:0, instance:amazonTest.purchaseTest@71a8adcf]" started-at="2024-03-19T11:21:40 IST" name="verifyHeadphoneAndKeyboardPurchaseTest" finished-at="2024-03-19T11:22:26 IST" duration-ms="45566" status="PASS">
          <reporter-output>
          </reporter-output>
        </test-method> <!-- verifyHeadphoneAndKeyboardPurchaseTest -->
        <test-method is-config="true" signature="tearDown()[pri:0, instance:amazonTest.purchaseTest@71a8adcf]" started-at="2024-03-19T11:22:26 IST" name="tearDown" finished-at="2024-03-19T11:22:26 IST" duration-ms="173" status="PASS">
          <reporter-output>
          </reporter-output>
        </test-method> <!-- tearDown -->
        <test-method is-config="true" signature="setUp(java.lang.String)[pri:0, instance:amazonTest.purchaseTest@71a8adcf]" started-at="2024-03-19T11:22:26 IST" name="setUp" finished-at="2024-03-19T11:22:29 IST" duration-ms="2559" status="PASS">
          <params>
            <param index="0">
              <value>
                <![CDATA[chrome]]>
              </value>
            </param>
          </params>
          <reporter-output>
          </reporter-output>
        </test-method> <!-- setUp -->
        <test-method is-config="true" signature="setUp()[pri:0, instance:amazonTest.purchaseTest@71a8adcf]" started-at="2024-03-19T11:22:29 IST" name="setUp" finished-at="2024-03-19T11:22:29 IST" duration-ms="1" status="PASS">
          <reporter-output>
          </reporter-output>
        </test-method> <!-- setUp -->
        <test-method signature="verifyLaptopPurchaseTest()[pri:0, instance:amazonTest.purchaseTest@71a8adcf]" started-at="2024-03-19T11:22:29 IST" name="verifyLaptopPurchaseTest" finished-at="2024-03-19T11:22:39 IST" duration-ms="9914" status="PASS">
          <reporter-output>
          </reporter-output>
        </test-method> <!-- verifyLaptopPurchaseTest -->
        <test-method is-config="true" signature="tearDown()[pri:0, instance:amazonTest.purchaseTest@71a8adcf]" started-at="2024-03-19T11:22:39 IST" name="tearDown" finished-at="2024-03-19T11:22:39 IST" duration-ms="139" status="PASS">
          <reporter-output>
          </reporter-output>
        </test-method> <!-- tearDown -->
        <test-method is-config="true" signature="setUp(java.lang.String)[pri:0, instance:amazonTest.purchaseTest@71a8adcf]" started-at="2024-03-19T11:22:39 IST" name="setUp" finished-at="2024-03-19T11:22:41 IST" duration-ms="2004" status="PASS">
          <params>
            <param index="0">
              <value>
                <![CDATA[chrome]]>
              </value>
            </param>
          </params>
          <reporter-output>
          </reporter-output>
        </test-method> <!-- setUp -->
        <test-method signature="verifyMonitorPurchaseTest()[pri:0, instance:amazonTest.purchaseTest@71a8adcf]" started-at="2024-03-19T11:22:41 IST" name="verifyMonitorPurchaseTest" finished-at="2024-03-19T11:22:59 IST" duration-ms="17933" status="PASS">
          <reporter-output>
          </reporter-output>
        </test-method> <!-- verifyMonitorPurchaseTest -->
        <test-method is-config="true" signature="setUp()[pri:0, instance:amazonTest.purchaseTest@71a8adcf]" started-at="2024-03-19T11:22:41 IST" name="setUp" finished-at="2024-03-19T11:22:41 IST" duration-ms="0" status="PASS">
          <reporter-output>
          </reporter-output>
        </test-method> <!-- setUp -->
        <test-method is-config="true" signature="tearDown()[pri:0, instance:amazonTest.purchaseTest@71a8adcf]" started-at="2024-03-19T11:22:59 IST" name="tearDown" finished-at="2024-03-19T11:22:59 IST" duration-ms="144" status="PASS">
          <reporter-output>
          </reporter-output>
        </test-method> <!-- tearDown -->
      </class> <!-- amazonTest.purchaseTest -->
    </test> <!-- Test -->
  </suite> <!-- Suite -->
</testng-results>
